<?xml version="1.0" encoding="UTF-8"?>
<!-- Generated by org.testng.reporters.JUnitXMLReporter -->
<testsuite ignored="4" hostname="DESKTOP-14D7M6C" failures="0" tests="1" name="Default test(failed)" time="2.149" errors="0" timestamp="2022-03-24T14:31:53 IST">
  <testcase classname="failed_Testng.FailedTestng" name="TC2" time="2.034"/>
  <testcase classname="failed_Testng.FailedTestng" name="TC3" time="0.0">
    <ignored/>
  </testcase> <!-- TC3 -->
  <testcase classname="failed_Testng.FailedTestng" name="TC5" time="0.0">
    <ignored/>
  </testcase> <!-- TC5 -->
  <testcase classname="failed_Testng.FailedTestng" name="TC1" time="0.0">
    <ignored/>
  </testcase> <!-- TC1 -->
  <testcase classname="failed_Testng.FailedTestng" name="TC4" time="0.0">
    <ignored/>
  </testcase> <!-- TC4 -->
</testsuite> <!-- Default test(failed) -->
