<?xml version="1.0" encoding="UTF-8"?>
<!-- Generated by org.testng.reporters.JUnitXMLReporter -->
<testsuite ignored="0" hostname="DESKTOP-14D7M6C" failures="0" tests="4" name="MyClassTest" time="71.975" errors="0" timestamp="2022-03-21T11:31:51 IST">
  <testcase classname="Testng.MyClass" name="method1" time="16.719"/>
  <testcase classname="Testng.MyClass" name="method2" time="19.318"/>
  <testcase classname="Testng.MyClass" name="method3" time="15.717"/>
  <testcase classname="Testng.MyClass" name="method4" time="20.139"/>
</testsuite> <!-- MyClassTest -->
